./sdriver.pl -t trace01.txt -s ./tsh -a "-p"
#
# trace01.txt - Properly terminate on EOF.
#
./sdriver.pl -t trace02.txt -s ./tsh -a "-p"
#
# trace02.txt - Process builtin quit command.
#
./sdriver.pl -t trace03.txt -s ./tsh -a "-p"
#
# trace03.txt - Run a foreground job.
#
tsh> quit
./sdriver.pl -t trace04.txt -s ./tsh -a "-p"
#
# trace04.txt - Run a background job.
#
tsh> ./myspin 1 &
[1] (21729) ./myspin 1 &
./sdriver.pl -t trace05.txt -s ./tsh -a "-p"
#
# trace05.txt - Process jobs builtin command.
#
tsh> ./myspin 2 &
[1] (21736) ./myspin 2 &
tsh> ./myspin 3 &
[2] (21738) ./myspin 3 &
tsh> jobs
[1] (21736) Running ./myspin 2 &
[2] (21738) Running ./myspin 3 &
./sdriver.pl -t trace06.txt -s ./tsh -a "-p"
#
# trace06.txt - Forward SIGINT to foreground job.
#
tsh> ./myspin 4
Job [1] (21751) terminated by signal 2
./sdriver.pl -t trace07.txt -s ./tsh -a "-p"
#
# trace07.txt - Forward SIGINT only to foreground job.
#
tsh> ./myspin 4 &
[1] (21760) ./myspin 4 &
tsh> ./myspin 5
Job [2] (21762) terminated by signal 2
tsh> jobs
[1] (21760) Running ./myspin 4 &
./sdriver.pl -t trace08.txt -s ./tsh -a "-p"
#
# trace08.txt - Forward SIGTSTP only to foreground job.
#
tsh> ./myspin 4 &
[1] (21780) ./myspin 4 &
tsh> ./myspin 5
Job [2] (21782) stopped by signal 20
tsh> jobs
[1] (21780) Running ./myspin 4 &
[2] (21782) Stopped ./myspin 5 
./sdriver.pl -t trace09.txt -s ./tsh -a "-p"
#
# trace09.txt - Process bg builtin command
#
tsh> ./myspin 4 &
[1] (21797) ./myspin 4 &
tsh> ./myspin 5
Job [2] (21799) stopped by signal 20
tsh> jobs
[1] (21797) Running ./myspin 4 &
[2] (21799) Stopped ./myspin 5 
tsh> bg %2
[2] (21799) ./myspin 5 
tsh> jobs
[1] (21797) Running ./myspin 4 &
[2] (21799) Running ./myspin 5 
./sdriver.pl -t trace10.txt -s ./tsh -a "-p"
#
# trace10.txt - Process fg builtin command. 
#
tsh> ./myspin 4 &
[1] (21815) ./myspin 4 &
tsh> fg %1
Job [1] (21815) stopped by signal 20
tsh> jobs
[1] (21815) Stopped ./myspin 4 &
tsh> fg %1
tsh> jobs
./sdriver.pl -t trace11.txt -s ./tsh -a "-p"
#
# trace11.txt - Forward SIGINT to every process in foreground process group
#
tsh> ./mysplit 4
Job [1] (21833) terminated by signal 2
tsh> /bin/ps a
  PID TTY      STAT   TIME COMMAND
 1421 tty1     Ssl+   0:01 /usr/bin/X -background none :0 -seat seat0 -auth /var/run/lightdm/root/:0 -nolisten tcp vt1 -novtswitch -background none
19569 pts/0    Ss     0:00 -tcsh
21623 pts/1    Ss     0:00 -tcsh
21790 pts/0    S+     0:00 vim tsh.c
21829 pts/1    S+     0:00 make test11
21830 pts/1    S+     0:00 /usr/bin/perl ./sdriver.pl -t trace11.txt -s ./tsh -a -p
21831 pts/1    S+     0:00 ./tsh -p
21837 pts/1    R      0:00 /bin/ps a
./sdriver.pl -t trace12.txt -s ./tsh -a "-p"
#
# trace12.txt - Forward SIGTSTP to every process in foreground process group
#
tsh> ./mysplit 4
Job [1] (21844) stopped by signal 20
tsh> jobs
[1] (21844) Stopped ./mysplit 4 
tsh> /bin/ps a
  PID TTY      STAT   TIME COMMAND
 1421 tty1     Ssl+   0:01 /usr/bin/X -background none :0 -seat seat0 -auth /var/run/lightdm/root/:0 -nolisten tcp vt1 -novtswitch -background none
19569 pts/0    Ss     0:00 -tcsh
21623 pts/1    Ss     0:00 -tcsh
21790 pts/0    S+     0:00 vim tsh.c
21840 pts/1    S+     0:00 make test12
21841 pts/1    S+     0:00 /usr/bin/perl ./sdriver.pl -t trace12.txt -s ./tsh -a -p
21842 pts/1    S+     0:00 ./tsh -p
21844 pts/1    T      0:00 ./mysplit 4
21845 pts/1    T      0:00 ./mysplit 4
21852 pts/1    R      0:00 /bin/ps a
./sdriver.pl -t trace13.txt -s ./tsh -a "-p"
#
# trace13.txt - Restart every stopped process in process group
#
tsh> ./mysplit 4
Job [1] (21859) stopped by signal 20
tsh> jobs
[1] (21859) Stopped ./mysplit 4 
tsh> /bin/ps a
  PID TTY      STAT   TIME COMMAND
 1421 tty1     Ssl+   0:01 /usr/bin/X -background none :0 -seat seat0 -auth /var/run/lightdm/root/:0 -nolisten tcp vt1 -novtswitch -background none
19569 pts/0    Ss     0:00 -tcsh
21623 pts/1    Ss     0:00 -tcsh
21790 pts/0    S+     0:00 vim tsh.c
21855 pts/1    S+     0:00 make test13
21856 pts/1    S+     0:00 /usr/bin/perl ./sdriver.pl -t trace13.txt -s ./tsh -a -p
21857 pts/1    S+     0:00 ./tsh -p
21859 pts/1    T      0:00 ./mysplit 4
21860 pts/1    T      0:00 ./mysplit 4
21865 pts/1    R      0:00 /bin/ps a
tsh> fg %1
tsh> /bin/ps a
  PID TTY      STAT   TIME COMMAND
 1421 tty1     Ssl+   0:01 /usr/bin/X -background none :0 -seat seat0 -auth /var/run/lightdm/root/:0 -nolisten tcp vt1 -novtswitch -background none
19569 pts/0    Ss     0:00 -tcsh
21623 pts/1    Ss     0:00 -tcsh
21790 pts/0    S+     0:00 vim tsh.c
21855 pts/1    S+     0:00 make test13
21856 pts/1    S+     0:00 /usr/bin/perl ./sdriver.pl -t trace13.txt -s ./tsh -a -p
21857 pts/1    S+     0:00 ./tsh -p
21869 pts/1    R      0:00 /bin/ps a
./sdriver.pl -t trace14.txt -s ./tsh -a "-p"
#
# trace14.txt - Simple error handling
#
tsh> ./bogus
./bogus: Command not found
tsh> ./myspin 4 &
[1] (21879) ./myspin 4 &
tsh> fg
fg command requires a %jobid argument
tsh> bg
bg command requires a %jobid argument
tsh> fg a
fg: argument must be a %jobid
tsh> bg a
bg: argument must be a %jobid
tsh> fg 9999999
fg: argument must be a %jobid
tsh> bg 9999999
bg: argument must be a %jobid
tsh> fg %2
%2: No such job
tsh> fg %1
Job [1] (21879) stopped by signal 20
tsh> bg %2
%2: No such job
tsh> bg %1
[1] (21879) ./myspin 4 &
tsh> jobs
[1] (21879) Running ./myspin 4 &
./sdriver.pl -t trace15.txt -s ./tsh -a "-p"
#
# trace15.txt - Putting it all together
#
tsh> ./bogus
./bogus: Command not found
tsh> ./myspin 10
Job [1] (21904) terminated by signal 2
tsh> ./myspin 3 &
[1] (21912) ./myspin 3 &
tsh> ./myspin 4 &
[2] (21914) ./myspin 4 &
tsh> jobs
[1] (21912) Running ./myspin 3 &
[2] (21914) Running ./myspin 4 &
tsh> fg %1
Job [1] (21912) stopped by signal 20
tsh> jobs
[1] (21912) Stopped ./myspin 3 &
[2] (21914) Running ./myspin 4 &
tsh> bg %3
%3: No such job
tsh> bg %1
[1] (21912) ./myspin 3 &
tsh> jobs
[1] (21912) Running ./myspin 3 &
[2] (21914) Running ./myspin 4 &
tsh> fg %1
tsh> quit
./sdriver.pl -t trace16.txt -s ./tsh -a "-p"
#
# trace16.txt - Tests whether the shell can handle SIGTSTP and SIGINT
#     signals that come from other processes instead of the terminal.
#
tsh> ./mystop 2
Job [1] (21933) stopped by signal 20
tsh> jobs
[1] (21933) Stopped ./mystop 2
tsh> ./myint 2
Job [2] (21938) terminated by signal 2
./sdriver.pl -t trace17.txt -s ./tsh -a "-p"
#
# trace17.txt - Tests piping between two commands
#
int main(int argc, char **argv) 
stubs-64.h
    if (argc != 2) {
36
tsh> jobs
